[2015.03.05 23:46:42] (Coverage): Failed to load coverage data from file: /home/prashant/.IntelliJIdea14/system/coverage/linksharing$Grails_linksharing.coverage
java.io.EOFException
	at java.io.DataInputStream.readUnsignedByte(DataInputStream.java:290)
	at com.intellij.rt.coverage.util.CoverageIOUtil.readINT(CoverageIOUtil.java:130)
	at com.intellij.rt.coverage.util.ProjectDataLoader.load(ProjectDataLoader.java:38)
	at com.intellij.coverage.IDEACoverageRunner.loadCoverageData(IDEACoverageRunner.java:22)
	at com.intellij.coverage.BaseCoverageSuite.loadProjectInfo(BaseCoverageSuite.java:245)
	at com.intellij.coverage.JavaCoverageSuite.getCoverageData(JavaCoverageSuite.java:130)
	at com.intellij.coverage.CoverageSuitesBundle.getCoverageData(CoverageSuitesBundle.java:92)
	at com.intellij.coverage.PackageAnnotator.annotate(PackageAnnotator.java:97)
	at com.intellij.coverage.JavaCoverageAnnotator$1.run(JavaCoverageAnnotator.java:128)
	at com.intellij.coverage.BaseCoverageAnnotator$1.run(BaseCoverageAnnotator.java:36)
	at com.intellij.openapi.progress.impl.ProgressManagerImpl$TaskRunnable.run(ProgressManagerImpl.java:621)
	at com.intellij.openapi.progress.impl.ProgressManagerImpl$3.run(ProgressManagerImpl.java:194)
	at com.intellij.openapi.progress.impl.ProgressManagerImpl.a(ProgressManagerImpl.java:281)
	at com.intellij.openapi.progress.impl.ProgressManagerImpl.executeProcessUnderProgress(ProgressManagerImpl.java:233)
	at com.intellij.openapi.progress.impl.ProgressManagerImpl.runProcess(ProgressManagerImpl.java:181)
	at com.intellij.openapi.progress.impl.ProgressManagerImpl$9.run(ProgressManagerImpl.java:530)
	at com.intellij.openapi.application.impl.ApplicationImpl$8.run(ApplicationImpl.java:406)
	at java.util.concurrent.Executors$RunnableAdapter.call(Executors.java:471)
	at java.util.concurrent.FutureTask.run(FutureTask.java:262)
	at java.util.concurrent.ThreadPoolExecutor.runWorker(ThreadPoolExecutor.java:1145)
	at java.util.concurrent.ThreadPoolExecutor$Worker.run(ThreadPoolExecutor.java:615)
	at java.lang.Thread.run(Thread.java:745)
	at org.jetbrains.ide.PooledThreadExecutor$1$1.run(PooledThreadExecutor.java:56)
